<?xml version="1.0" encoding="UTF-8"?>
<testsuite xmlns:xsi="http://www.w3.org/2001/XMLSchema-instance" xsi:noNamespaceSchemaLocation="https://maven.apache.org/surefire/maven-surefire-plugin/xsd/surefire-test-report.xsd" version="3.0.2" name="com.example.DemoApplicationTests" time="3.238" tests="1" errors="0" skipped="0" failures="0">
  <properties>
[...]
</properties>
  <testcase name="contextLoads" classname="com.example.DemoApplicationTests" time="1.365">
    <system-out><![CDATA[18:30:21.449 [main] INFO org.springframework.test.context.support.AnnotationConfigContextLoaderUtils -- Could not detect default configuration classes for test class [com.example.DemoApplicationTests]: DemoApplicationTests does not declare any static, non-private, non-final, nested classes annotated with @Configuration.
18:30:21.644 [main] INFO org.springframework.boot.test.context.SpringBootTestContextBootstrapper -- Found @SpringBootConfiguration com.example.DemoApplication for test class com.example.DemoApplicationTests

  .   ____          _            __ _ _
 /\\ / ___'_ __ _ _(_)_ __  __ _ \ \ \ \
( ( )\___ | '_ | '_| | '_ \/ _` | \ \ \ \
 \\/  ___)| |_)| | | | | || (_| |  ) ) ) )
  '  |____| .__|_| |_|_| |_\__, | / / / /
 =========|_|==============|___/=/_/_/_/

 :: Spring Boot ::                (v3.5.3)

2025-06-29T18:30:22.338+05:30  INFO 14256 --- [           main] com.example.DemoApplicationTests         : Starting DemoApplicationTests using Java 17.0.10 with PID 14256 (started by ROSHINI S in C:\Users\ROSHINI S\OneDrive\Desktop\cognizant\week2\TDD_Using_JUnit5_and_Mockito\JUnitTesting\demo)
2025-06-29T18:30:22.338+05:30  INFO 14256 --- [           main] com.example.DemoApplicationTests         : No active profile set, falling back to 1 default profile: "default"
2025-06-29T18:30:23.100+05:30  INFO 14256 --- [           main] com.example.DemoApplicationTests         : Started DemoApplicationTests in 1.154 seconds (process running for 2.74)
]]></system-out>
  </testcase>
</testsuite>